Change Component Designator: OldDesignator=Arduino? NewDesignator=Arduino uno
Added Component: Designator=C?(JP5-C1T)
Add component. Clean all parameters for all variants
Add component (AddParameter): Name = "ComponentLink1 Description"; Value = "Manufacturer"; VariantName = "[No Variations]"
Add component (AddParameter): Name = "ComponentLink1URL"; Value = "http://www.we-online.com"; VariantName = "[No Variations]"
Add component (AddParameter): Name = "ComponentLink2 Description"; Value = "Datasheet"; VariantName = "[No Variations]"
Add component (AddParameter): Name = "ComponentLink2URL"; Value = "http://katalog.we-online.de/em/datasheet/6130xx143121.pdf"; VariantName = "[No Variations]"
Add component (AddParameter): Name = "Created by"; Value = "Karrer Zheng"; VariantName = "[No Variations]"
Add component (AddParameter): Name = "Created Date"; Value = "29 March 2013"; VariantName = "[No Variations]"
Add component (AddParameter): Name = "Manufacturer"; Value = "W¨¹rth Elektronik eiSos GmbH"; VariantName = "[No Variations]"
Add component (AddParameter): Name = "NoPins"; Value = "05"; VariantName = "[No Variations]"
Add component (AddParameter): Name = "partNo"; Value = "613005143121"; VariantName = "[No Variations]"
Added Component: Designator=JDC(DC0)
Add component. Clean all parameters for all variants
Add component (AddParameter): Name = "Value"; Value = "Jac DC"; VariantName = "[No Variations]"
Added Pin To Net: NetName=3V3 Pin=Arduino uno-3V3
Added Pin To Net: NetName=3V3 Pin=C?-1
Added Pin To Net: NetName=3V3 Pin=U?-8
Added Net: Name=3V3
Added Pin To Net: NetName=5V Pin=Arduino uno-5V
Added Pin To Net: NetName=5V Pin=JDC-1
Added Net: Name=5V
Added Pin To Net: NetName=GND Pin=Arduino uno-GND
Added Pin To Net: NetName=GND Pin=Arduino uno-GND
Added Pin To Net: NetName=GND Pin=Arduino uno-GND
Added Pin To Net: NetName=GND Pin=Arduino uno-GND
Added Pin To Net: NetName=GND Pin=Arduino uno-GND
Added Pin To Net: NetName=GND Pin=Arduino uno-GND
Added Pin To Net: NetName=GND Pin=C?-2
Added Pin To Net: NetName=GND Pin=JDC-2
Added Net: Name=GND
Added Pin To Net: NetName=RX_ESP Pin=Arduino uno-2
Added Pin To Net: NetName=RX_ESP Pin=U?-14
Added Net: Name=RX_ESP
Added Pin To Net: NetName=RX_GPS Pin=Arduino uno-4
Added Pin To Net: NetName=RX_GPS Pin=C?-4
Added Net: Name=RX_GPS
Added Pin To Net: NetName=TX_ESP Pin=Arduino uno-~3
Added Pin To Net: NetName=TX_ESP Pin=U?-13
Added Net: Name=TX_ESP
Added Pin To Net: NetName=TX_GPS Pin=Arduino uno-~5
Added Pin To Net: NetName=TX_GPS Pin=C?-3
Added Net: Name=TX_GPS
Added Member To Class: ClassName=Sheet1 Member=Component C? GPS NEO7
Added Member To Class: ClassName=Sheet1 Member=Component JDC Jac DC
